Mon Nov  3 01:12:10 2025: API Error: Response was conversational and NOT in a markdown block. Text: Зрозумів. Я готовий. Надсилайте перший файл.

<svg class="inline-flex w-4 h-4 text-black dark:text-white" xmlns="http://www.w3.org/2000/svg" viewBox="0 0 24 24">
    <path fill="currentColor" stroke="...
Mon Nov  3 01:12:10 2025: API call failed for /home/roman/coolify/resources/views/components/internal-link.blade.php
Mon Nov  3 01:12:18 2025: API Warning: Response had no markdown, but looks like original code. Returning as is.
Mon Nov  3 01:13:11 2025: API Warning: Response had no markdown, but looks like original code. Returning as is.
Mon Nov  3 01:14:00 2025: API Warning: Response had no markdown, but looks like original code. Returning as is.
Mon Nov  3 01:14:53 2025: API Warning: Response had no markdown, but looks like original code. Returning as is.
Mon Nov  3 01:15:42 2025: API Warning: Response had no markdown, but looks like original code. Returning as is.
Mon Nov  3 01:16:27 2025: API Warning: Response had no markdown, but looks like original code. Returning as is.
Mon Nov  3 01:20:56 2025: API Warning: Response had no markdown, but looks like original code. Returning as is.
Mon Nov  3 01:21:41 2025: API Warning: Response had no markdown, but looks like original code. Returning as is.
Mon Nov  3 01:22:30 2025: API Warning: Response had no markdown, but looks like original code. Returning as is.
Mon Nov  3 01:23:13 2025: API Warning: Response had no markdown, but looks like original code. Returning as is.
Mon Nov  3 01:24:03 2025: API Warning: Response had no markdown, but looks like original code. Returning as is.
Mon Nov  3 01:24:55 2025: API Warning: Response had no markdown, but looks like original code. Returning as is.
Mon Nov  3 01:26:24 2025: API Error: Response was conversational and NOT in a markdown block. Text: Я зрозумів завдання. Будь ласка, надсилайте перший файл....
Mon Nov  3 01:26:24 2025: API call failed for /home/roman/coolify/resources/views/components/highlighted.blade.php
Mon Nov  3 01:26:27 2025: API Error: Response was conversational and NOT in a markdown block. Text: Зрозумів....
Mon Nov  3 01:26:27 2025: API call failed for /home/roman/coolify/resources/views/components/highlighted.blade.php
Mon Nov  3 01:26:27 2025: Gave up on file /home/roman/coolify/resources/views/components/highlighted.blade.php. File reverted to original.
Mon Nov  3 01:26:31 2025: API Warning: Response had no markdown, but looks like original code. Returning as is.
Mon Nov  3 01:27:49 2025: API Warning: Response had no markdown, but looks like original code. Returning as is.
Mon Nov  3 01:28:34 2025: API Warning: Response had no markdown, but looks like original code. Returning as is.
Mon Nov  3 01:29:17 2025: API Warning: Response had no markdown, but looks like original code. Returning as is.
Mon Nov  3 01:30:27 2025: API Warning: Response had no markdown, but looks like original code. Returning as is.
Mon Nov  3 01:31:11 2025: API Warning: Response had no markdown, but looks like original code. Returning as is.
Mon Nov  3 01:32:45 2025: API Warning: Response had no markdown, but looks like original code. Returning as is.
Mon Nov  3 01:33:30 2025: API Warning: Response had no markdown, but looks like original code. Returning as is.
Mon Nov  3 01:34:18 2025: API Warning: Response had no markdown, but looks like original code. Returning as is.
Mon Nov  3 01:35:01 2025: API Error: Response was conversational and NOT in a markdown block. Text: Зрозумів....
Mon Nov  3 01:35:01 2025: API call failed for /home/roman/coolify/resources/views/components/layout.blade.php
Mon Nov  3 01:35:04 2025: API Error: Response was conversational and NOT in a markdown block. Text: Я зрозумів завдання. Будь ласка, надішліть перший файл....
Mon Nov  3 01:35:04 2025: API call failed for /home/roman/coolify/resources/views/components/layout.blade.php
Mon Nov  3 01:35:04 2025: Gave up on file /home/roman/coolify/resources/views/components/layout.blade.php. File reverted to original.
Mon Nov  3 01:35:17 2025: API Warning: Response had no markdown, but looks like original code. Returning as is.
Mon Nov  3 01:38:31 2025: API Warning: Response had no markdown, but looks like original code. Returning as is.
Mon Nov  3 01:39:20 2025: API Warning: Response had no markdown, but looks like original code. Returning as is.
Mon Nov  3 01:40:03 2025: API Warning: Response had no markdown, but looks like original code. Returning as is.
Mon Nov  3 01:40:47 2025: API Warning: Response had no markdown, but looks like original code. Returning as is.
Mon Nov  3 01:41:27 2025: API Error: Response was conversational and NOT in a markdown block. Text: Зрозумів завдання. Чекаю на перший файл....
Mon Nov  3 01:41:27 2025: API call failed for /home/roman/coolify/resources/views/components/emails/header.blade.php
Mon Nov  3 01:41:30 2025: API Error: Response was conversational and NOT in a markdown block. Text: Я зрозумів завдання. Будь ласка, надішліть перший файл....
Mon Nov  3 01:41:30 2025: API call failed for /home/roman/coolify/resources/views/components/emails/header.blade.php
Mon Nov  3 01:41:30 2025: Gave up on file /home/roman/coolify/resources/views/components/emails/header.blade.php. File reverted to original.
Mon Nov  3 01:41:52 2025: API Warning: Response had no markdown, but looks like original code. Returning as is.
Mon Nov  3 01:44:17 2025: API Warning: Response had no markdown, but looks like original code. Returning as is.
Mon Nov  3 01:45:47 2025: API Warning: Response had no markdown, but looks like original code. Returning as is.
Mon Nov  3 01:46:36 2025: API Warning: Response had no markdown, but looks like original code. Returning as is.
Mon Nov  3 01:47:30 2025: API Warning: Response had no markdown, but looks like original code. Returning as is.
Mon Nov  3 01:48:14 2025: API Warning: Response had no markdown, but looks like original code. Returning as is.
Mon Nov  3 01:48:58 2025: API Warning: Response had no markdown, but looks like original code. Returning as is.
Mon Nov  3 01:49:45 2025: API Warning: Response had no markdown, but looks like original code. Returning as is.
Mon Nov  3 01:50:36 2025: API Warning: Response had no markdown, but looks like original code. Returning as is.
Mon Nov  3 01:51:22 2025: API Warning: Response had no markdown, but looks like original code. Returning as is.
Mon Nov  3 01:52:06 2025: API Warning: Response had no markdown, but looks like original code. Returning as is.
Mon Nov  3 01:53:32 2025: API Warning: Response had no markdown, but looks like original code. Returning as is.
Mon Nov  3 01:54:18 2025: API Warning: Response had no markdown, but looks like original code. Returning as is.
Mon Nov  3 01:55:08 2025: API Warning: Response had no markdown, but looks like original code. Returning as is.
Mon Nov  3 01:56:02 2025: API Warning: Response had no markdown, but looks like original code. Returning as is.
Mon Nov  3 01:57:33 2025: API Warning: Response had no markdown, but looks like original code. Returning as is.
Mon Nov  3 01:58:25 2025: API Warning: Response had no markdown, but looks like original code. Returning as is.
Mon Nov  3 01:59:09 2025: API Warning: Response had no markdown, but looks like original code. Returning as is.
Mon Nov  3 02:00:04 2025: API Warning: Response had no markdown, but looks like original code. Returning as is.
Mon Nov  3 02:01:57 2025: API Warning: Response had no markdown, but looks like original code. Returning as is.
