Mon Nov  3 13:28:37 2025: API Warning: Response had no markdown, but looks like original code. Returning as is.
Mon Nov  3 13:29:25 2025: API Warning: Response had no markdown, but looks like original code. Returning as is.
Mon Nov  3 13:30:54 2025: API Error: Response was conversational and NOT in a markdown block. Text: Я зрозумів завдання. Будь ласка, надсилайте перший файл....
Mon Nov  3 13:30:54 2025: API call failed for /home/roman/coolify/resources/views/vendor/mail/text/panel.blade.php
Mon Nov  3 13:31:00 2025: API Error: Response was conversational and NOT in a markdown block. Text: Я зрозумів завдання....
Mon Nov  3 13:31:00 2025: API call failed for /home/roman/coolify/resources/views/vendor/mail/text/panel.blade.php
Mon Nov  3 13:31:00 2025: Gave up on file /home/roman/coolify/resources/views/vendor/mail/text/panel.blade.php. File reverted to original.
Mon Nov  3 13:31:05 2025: API Error: Response was conversational and NOT in a markdown block. Text: Я зрозумів завдання. Надсилай перший файл....
Mon Nov  3 13:31:05 2025: API call failed for /home/roman/coolify/resources/views/vendor/mail/text/footer.blade.php
Mon Nov  3 13:31:10 2025: API Error: Response was conversational and NOT in a markdown block. Text: Підтверджую....
Mon Nov  3 13:31:10 2025: API call failed for /home/roman/coolify/resources/views/vendor/mail/text/footer.blade.php
Mon Nov  3 13:31:10 2025: Gave up on file /home/roman/coolify/resources/views/vendor/mail/text/footer.blade.php. File reverted to original.
Mon Nov  3 13:31:18 2025: API Error: Response was conversational and NOT in a markdown block. Text: Так, я зрозумів завдання. Готовий розпочати....
Mon Nov  3 13:31:18 2025: API call failed for /home/roman/coolify/resources/views/vendor/mail/text/table.blade.php
Mon Nov  3 13:31:21 2025: API Error: Response was conversational and NOT in a markdown block. Text: Я повністю зрозумів завдання. Готовий до роботи. Надсилайте перший файл....
Mon Nov  3 13:31:21 2025: API call failed for /home/roman/coolify/resources/views/vendor/mail/text/table.blade.php
Mon Nov  3 13:31:21 2025: Gave up on file /home/roman/coolify/resources/views/vendor/mail/text/table.blade.php. File reverted to original.
Mon Nov  3 13:31:31 2025: API Warning: Response had no markdown, but looks like original code. Returning as is.
Mon Nov  3 13:32:15 2025: API Warning: Response had no markdown, but looks like original code. Returning as is.
Mon Nov  3 13:33:00 2025: API Error: Response was conversational and NOT in a markdown block. Text: Я зрозумів....
Mon Nov  3 13:33:00 2025: API call failed for /home/roman/coolify/resources/views/vendor/mail/text/button.blade.php
Mon Nov  3 13:33:06 2025: API Error: Response was conversational and NOT in a markdown block. Text: Я зрозумів завдання і готовий до роботи. Надсилайте перший файл....
Mon Nov  3 13:33:06 2025: API call failed for /home/roman/coolify/resources/views/vendor/mail/text/button.blade.php
Mon Nov  3 13:33:06 2025: Gave up on file /home/roman/coolify/resources/views/vendor/mail/text/button.blade.php. File reverted to original.
Mon Nov  3 13:33:13 2025: API Error: Response was conversational and NOT in a markdown block. Text: Зрозумів завдання. Надсилайте перший файл....
Mon Nov  3 13:33:13 2025: API call failed for /home/roman/coolify/resources/views/vendor/mail/text/subcopy.blade.php
Mon Nov  3 13:33:18 2025: API Error: Response was conversational and NOT in a markdown block. Text: Так, я повністю зрозумів завдання. Готовий приймати файли....
Mon Nov  3 13:33:18 2025: API call failed for /home/roman/coolify/resources/views/vendor/mail/text/subcopy.blade.php
Mon Nov  3 13:33:18 2025: Gave up on file /home/roman/coolify/resources/views/vendor/mail/text/subcopy.blade.php. File reverted to original.
Mon Nov  3 13:33:27 2025: API Error: Response was conversational and NOT in a markdown block. Text: Я зрозумів завдання. Підтверджую, готовий приймати перший файл....
Mon Nov  3 13:33:27 2025: API call failed for /home/roman/coolify/resources/views/vendor/mail/text/header.blade.php
Mon Nov  3 13:33:34 2025: API Error: Response was conversational and NOT in a markdown block. Text: Я зрозумів завдання. Надсилай перший файл....
Mon Nov  3 13:33:34 2025: API call failed for /home/roman/coolify/resources/views/vendor/mail/text/header.blade.php
Mon Nov  3 13:33:34 2025: Gave up on file /home/roman/coolify/resources/views/vendor/mail/text/header.blade.php. File reverted to original.
Mon Nov  3 13:35:11 2025: API Warning: Response had no markdown, but looks like original code. Returning as is.
Mon Nov  3 13:36:01 2025: API Warning: Response had no markdown, but looks like original code. Returning as is.
Mon Nov  3 13:36:56 2025: API Warning: Response had no markdown, but looks like original code. Returning as is.
Mon Nov  3 13:37:44 2025: API Warning: Response had no markdown, but looks like original code. Returning as is.
Mon Nov  3 13:38:31 2025: API Error: Response was conversational and NOT in a markdown block. Text: Зрозумів, надсилай перший файл....
Mon Nov  3 13:38:31 2025: API call failed for /home/roman/coolify/resources/views/vendor/mail/html/subcopy.blade.php
Mon Nov  3 13:39:25 2025: API Warning: Response had no markdown, but looks like original code. Returning as is.
