Mon Nov  3 10:17:39 2025: API Warning: Response had no markdown, but looks like original code. Returning as is.
Mon Nov  3 10:18:57 2025: API Warning: Response had no markdown, but looks like original code. Returning as is.
Mon Nov  3 10:20:10 2025: API Warning: Response had no markdown, but looks like original code. Returning as is.
Mon Nov  3 10:21:23 2025: API Warning: Response had no markdown, but looks like original code. Returning as is.
Mon Nov  3 10:22:57 2025: API Warning: Response had no markdown, but looks like original code. Returning as is.
Mon Nov  3 10:23:47 2025: API Warning: Response had no markdown, but looks like original code. Returning as is.
Mon Nov  3 10:24:33 2025: API Warning: Response had no markdown, but looks like original code. Returning as is.
Mon Nov  3 10:25:27 2025: API Warning: Response had no markdown, but looks like original code. Returning as is.
Mon Nov  3 10:27:26 2025: API Warning: Response had no markdown, but looks like original code. Returning as is.
Mon Nov  3 10:28:17 2025: API Warning: Response had no markdown, but looks like original code. Returning as is.
Mon Nov  3 10:30:51 2025: API Warning: Response had no markdown, but looks like original code. Returning as is.
Mon Nov  3 10:31:38 2025: API Warning: Response had no markdown, but looks like original code. Returning as is.
Mon Nov  3 10:32:38 2025: API Warning: Response had no markdown, but looks like original code. Returning as is.
Mon Nov  3 10:36:25 2025: API Warning: Response had no markdown, but looks like original code. Returning as is.
Mon Nov  3 10:37:14 2025: API Error: Response was conversational and NOT in a markdown block. Text: <div>
    <h2>Токени хмарних провайдерів</h2>
    <div class="pb-4">Керуйте токенами API для хмарних провайдерів (Hetzner, DigitalOcean тощо).</div>

    <h3>Новий токен</h3>
    @can('create', App\Mo...
Mon Nov  3 10:37:14 2025: API call failed for /home/roman/coolify/resources/views/livewire/security/cloud-provider-tokens.blade.php
Mon Nov  3 10:38:22 2025: API Warning: Response had no markdown, but looks like original code. Returning as is.
Mon Nov  3 10:39:10 2025: API Warning: Response had no markdown, but looks like original code. Returning as is.
Mon Nov  3 10:41:46 2025: API Warning: Response had no markdown, but looks like original code. Returning as is.
Mon Nov  3 10:42:36 2025: API Warning: Response had no markdown, but looks like original code. Returning as is.
Mon Nov  3 10:44:15 2025: API Warning: Response had no markdown, but looks like original code. Returning as is.
Mon Nov  3 10:45:04 2025: API Warning: Response had no markdown, but looks like original code. Returning as is.
Mon Nov  3 10:45:50 2025: API Warning: Response had no markdown, but looks like original code. Returning as is.
Mon Nov  3 10:46:35 2025: API Warning: Response had no markdown, but looks like original code. Returning as is.
Mon Nov  3 10:48:21 2025: API Warning: Response had no markdown, but looks like original code. Returning as is.
Mon Nov  3 10:50:53 2025: API Warning: Response had no markdown, but looks like original code. Returning as is.
Mon Nov  3 10:51:52 2025: API Warning: Response had no markdown, but looks like original code. Returning as is.
Mon Nov  3 10:54:30 2025: API Warning: Response had no markdown, but looks like original code. Returning as is.
Mon Nov  3 10:59:57 2025: API Warning: Response had no markdown, but looks like original code. Returning as is.
Mon Nov  3 11:01:06 2025: API Warning: Response had no markdown, but looks like original code. Returning as is.
Mon Nov  3 11:02:02 2025: API Warning: Response had no markdown, but looks like original code. Returning as is.
Mon Nov  3 11:04:25 2025: API Warning: Response had no markdown, but looks like original code. Returning as is.
Mon Nov  3 11:05:32 2025: API Warning: Response had no markdown, but looks like original code. Returning as is.
Mon Nov  3 11:06:24 2025: API Warning: Response had no markdown, but looks like original code. Returning as is.
Mon Nov  3 11:10:11 2025: API Warning: Response had no markdown, but looks like original code. Returning as is.
Mon Nov  3 11:11:06 2025: API Warning: Response had no markdown, but looks like original code. Returning as is.
Mon Nov  3 11:12:09 2025: API Warning: Response had no markdown, but looks like original code. Returning as is.
Mon Nov  3 11:13:14 2025: API Warning: Response had no markdown, but looks like original code. Returning as is.
Mon Nov  3 11:14:03 2025: API Warning: Response had no markdown, but looks like original code. Returning as is.
Mon Nov  3 11:18:03 2025: API Warning: Response had no markdown, but looks like original code. Returning as is.
Mon Nov  3 11:19:19 2025: API Warning: Response had no markdown, but looks like original code. Returning as is.
Mon Nov  3 11:20:31 2025: API Warning: Response had no markdown, but looks like original code. Returning as is.
Mon Nov  3 11:21:25 2025: API Warning: Response had no markdown, but looks like original code. Returning as is.
Mon Nov  3 11:25:08 2025: API Warning: Response had no markdown, but looks like original code. Returning as is.
Mon Nov  3 11:26:45 2025: API Warning: Response had no markdown, but looks like original code. Returning as is.
Mon Nov  3 11:28:18 2025: API Warning: Response had no markdown, but looks like original code. Returning as is.
Mon Nov  3 11:29:02 2025: API Warning: Response had no markdown, but looks like original code. Returning as is.
Mon Nov  3 11:32:18 2025: API Warning: Response had no markdown, but looks like original code. Returning as is.
Mon Nov  3 11:33:09 2025: API Warning: Response had no markdown, but looks like original code. Returning as is.
Mon Nov  3 11:34:02 2025: API Warning: Response had no markdown, but looks like original code. Returning as is.
Mon Nov  3 11:36:20 2025: API Warning: Response had no markdown, but looks like original code. Returning as is.
Mon Nov  3 11:37:19 2025: API Warning: Response had no markdown, but looks like original code. Returning as is.
Mon Nov  3 11:38:11 2025: API Warning: Response had no markdown, but looks like original code. Returning as is.
Mon Nov  3 11:38:59 2025: API Warning: Response had no markdown, but looks like original code. Returning as is.
Mon Nov  3 11:40:29 2025: API Warning: Response had no markdown, but looks like original code. Returning as is.
Mon Nov  3 11:43:00 2025: API Warning: Response had no markdown, but looks like original code. Returning as is.
Mon Nov  3 11:46:02 2025: API Warning: Response had no markdown, but looks like original code. Returning as is.
Mon Nov  3 11:48:38 2025: API Error: Response was conversational and NOT in a markdown block. Text: <div>
    <h2>Сервери</h2>
    <div class="">Налаштування, пов'язані з серверами.</div>
    <div class="grid grid-cols-1 gap-4 py-4">
        <div class="flex flex-col gap-2">
            <h3>Основний...
Mon Nov  3 11:48:38 2025: API call failed for /home/roman/coolify/resources/views/livewire/project/shared/destination.blade.php
Mon Nov  3 11:48:59 2025: API Error: Response was conversational and NOT in a markdown block. Text: <div>
    <h2>Сервери</h2>
    <div class="">Конфігурації, пов'язані з серверами.</div>
    <div class="grid grid-cols-1 gap-4 py-4">
        <div class="flex flex-col gap-2">
            <h3>Основний...
Mon Nov  3 11:48:59 2025: API call failed for /home/roman/coolify/resources/views/livewire/project/shared/destination.blade.php
Mon Nov  3 11:48:59 2025: Gave up on file /home/roman/coolify/resources/views/livewire/project/shared/destination.blade.php. File reverted to original.
Mon Nov  3 11:49:33 2025: API Warning: Response had no markdown, but looks like original code. Returning as is.
Mon Nov  3 11:50:30 2025: API Warning: Response had no markdown, but looks like original code. Returning as is.
Mon Nov  3 11:51:23 2025: API Warning: Response had no markdown, but looks like original code. Returning as is.
Mon Nov  3 11:52:21 2025: API Error: Response was conversational and NOT in a markdown block. Text: <div>
    <h2>Операції з ресурсами</h2>
    <div>Ви можете легко виконувати різні операції над цим ресурсом.</div>

    <div x-data="{
        selectedCloneServer: null,
        selectedCloneDestinati...
Mon Nov  3 11:52:21 2025: API call failed for /home/roman/coolify/resources/views/livewire/project/shared/resource-operations.blade.php
Mon Nov  3 11:52:52 2025: API Error: Response was conversational and NOT in a markdown block. Text: <div>
    <h2>Операції з ресурсами</h2>
    <div>Ви можете легко виконувати різні види операцій з цим ресурсом.</div>

    <div x-data="{
        selectedCloneServer: null,
        selectedCloneDestin...
Mon Nov  3 11:52:52 2025: API call failed for /home/roman/coolify/resources/views/livewire/project/shared/resource-operations.blade.php
Mon Nov  3 11:52:52 2025: Gave up on file /home/roman/coolify/resources/views/livewire/project/shared/resource-operations.blade.php. File reverted to original.
Mon Nov  3 11:53:11 2025: API Warning: Response had no markdown, but looks like original code. Returning as is.
Mon Nov  3 11:54:02 2025: API Warning: Response had no markdown, but looks like original code. Returning as is.
Mon Nov  3 11:54:47 2025: API Warning: Response had no markdown, but looks like original code. Returning as is.
Mon Nov  3 11:56:28 2025: API Warning: Response had no markdown, but looks like original code. Returning as is.
Mon Nov  3 11:57:23 2025: API Warning: Response had no markdown, but looks like original code. Returning as is.
Mon Nov  3 11:58:12 2025: API Warning: Response had no markdown, but looks like original code. Returning as is.
Mon Nov  3 11:59:08 2025: API Warning: Response had no markdown, but looks like original code. Returning as is.
Mon Nov  3 12:00:58 2025: API Warning: Response had no markdown, but looks like original code. Returning as is.
Mon Nov  3 12:01:59 2025: API Warning: Response had no markdown, but looks like original code. Returning as is.
Mon Nov  3 12:03:21 2025: API Warning: Response had no markdown, but looks like original code. Returning as is.
Mon Nov  3 12:05:24 2025: API Warning: Response had no markdown, but looks like original code. Returning as is.
Mon Nov  3 12:07:14 2025: API Warning: Response had no markdown, but looks like original code. Returning as is.
Mon Nov  3 12:08:25 2025: API Warning: Response had no markdown, but looks like original code. Returning as is.
Mon Nov  3 12:09:18 2025: API Error: Response was conversational and NOT in a markdown block. Text: <div>
    <h1>Створити новий Застосунок</h1>
    <div class="pb-4">Ви можете розгорнути простий Dockerfile, без використання Git.</div>
    <form wire:submit="submit">
        <div class="flex gap-2 p...
Mon Nov  3 12:09:18 2025: API call failed for /home/roman/coolify/resources/views/livewire/project/new/simple-dockerfile.blade.php
Mon Nov  3 12:09:29 2025: API Error: Response was conversational and NOT in a markdown block. Text: <div>
    <h1>Створити новий застосунок</h1>
    <div class="pb-4">Ви можете розгорнути простий Dockerfile без Git.</div>
    <form wire:submit="submit">
        <div class="flex gap-2 pb-1">
        ...
Mon Nov  3 12:09:29 2025: API call failed for /home/roman/coolify/resources/views/livewire/project/new/simple-dockerfile.blade.php
Mon Nov  3 12:09:29 2025: Gave up on file /home/roman/coolify/resources/views/livewire/project/new/simple-dockerfile.blade.php. File reverted to original.
Mon Nov  3 12:09:48 2025: API Error: Response was conversational and NOT in a markdown block. Text: <div>
    <h1>Створити нову програму</h1>
    <div class="pb-4">Розгорніть будь-які публічні або приватні Git-репозиторії за допомогою Deploy Key.</div>
    <div class="flex flex-col ">
        @if ($...
Mon Nov  3 12:09:48 2025: API call failed for /home/roman/coolify/resources/views/livewire/project/new/github-private-repository-deploy-key.blade.php
Mon Nov  3 12:10:05 2025: API Error: Response was conversational and NOT in a markdown block. Text: <div>
    <h1>Створити нову програму</h1>
    <div class="pb-4">Розгорніть будь-які публічні або приватні репозиторії Git за допомогою ключа розгортання.</div>
    <div class="flex flex-col ">
       ...
Mon Nov  3 12:10:05 2025: API call failed for /home/roman/coolify/resources/views/livewire/project/new/github-private-repository-deploy-key.blade.php
Mon Nov  3 12:10:05 2025: Gave up on file /home/roman/coolify/resources/views/livewire/project/new/github-private-repository-deploy-key.blade.php. File reverted to original.
Mon Nov  3 12:10:10 2025: API Warning: Response had no markdown, but looks like original code. Returning as is.
Mon Nov  3 12:11:11 2025: API Warning: Response had no markdown, but looks like original code. Returning as is.
Mon Nov  3 12:17:15 2025: API Warning: Response had no markdown, but looks like original code. Returning as is.
Mon Nov  3 12:18:26 2025: API Warning: Response had no markdown, but looks like original code. Returning as is.
Mon Nov  3 12:19:10 2025: API Error: Response was conversational and NOT in a markdown block. Text: Я зрозумів завдання. Надсилай перший файл.

<x-forms.button wire:click='backupNow'>Зробити резервну копію зараз</x-forms.button>...
Mon Nov  3 12:19:10 2025: API call failed for /home/roman/coolify/resources/views/livewire/project/database/backup-now.blade.php
Mon Nov  3 12:19:17 2025: API Warning: Response had no markdown, but looks like original code. Returning as is.
Mon Nov  3 12:21:43 2025: API Warning: Response had no markdown, but looks like original code. Returning as is.
Mon Nov  3 12:23:40 2025: API Warning: Response had no markdown, but looks like original code. Returning as is.
Mon Nov  3 12:24:38 2025: API Warning: Response had no markdown, but looks like original code. Returning as is.
Mon Nov  3 12:25:47 2025: API Warning: Response had no markdown, but looks like original code. Returning as is.
Mon Nov  3 12:27:07 2025: API Warning: Response had no markdown, but looks like original code. Returning as is.
Mon Nov  3 12:30:40 2025: API Warning: Response had no markdown, but looks like original code. Returning as is.
Mon Nov  3 12:31:53 2025: API Warning: Response had no markdown, but looks like original code. Returning as is.
Mon Nov  3 12:33:26 2025: API Warning: Response had no markdown, but looks like original code. Returning as is.
Mon Nov  3 12:35:50 2025: API Warning: Response had no markdown, but looks like original code. Returning as is.
Mon Nov  3 12:38:11 2025: API Warning: Response had no markdown, but looks like original code. Returning as is.
Mon Nov  3 12:40:26 2025: API Warning: Response had no markdown, but looks like original code. Returning as is.
Mon Nov  3 12:41:58 2025: API Warning: Response had no markdown, but looks like original code. Returning as is.
Mon Nov  3 12:43:03 2025: API Warning: Response had no markdown, but looks like original code. Returning as is.
Mon Nov  3 12:43:58 2025: API Warning: Response had no markdown, but looks like original code. Returning as is.
Mon Nov  3 12:46:20 2025: API Warning: Response had no markdown, but looks like original code. Returning as is.
Mon Nov  3 12:47:20 2025: API Warning: Response had no markdown, but looks like original code. Returning as is.
Mon Nov  3 12:48:09 2025: API Warning: Response had no markdown, but looks like original code. Returning as is.
Mon Nov  3 12:49:15 2025: API Warning: Response had no markdown, but looks like original code. Returning as is.
Mon Nov  3 12:50:14 2025: API Warning: Response had no markdown, but looks like original code. Returning as is.
Mon Nov  3 12:51:00 2025: API Warning: Response had no markdown, but looks like original code. Returning as is.
Mon Nov  3 12:52:59 2025: API Warning: Response had no markdown, but looks like original code. Returning as is.
Mon Nov  3 12:53:48 2025: API Warning: Response had no markdown, but looks like original code. Returning as is.
Mon Nov  3 12:55:38 2025: API Warning: Response had no markdown, but looks like original code. Returning as is.
Mon Nov  3 12:57:13 2025: API Warning: Response had no markdown, but looks like original code. Returning as is.
Mon Nov  3 12:58:04 2025: API Warning: Response had no markdown, but looks like original code. Returning as is.
Mon Nov  3 12:59:03 2025: API Warning: Response had no markdown, but looks like original code. Returning as is.
Mon Nov  3 13:01:22 2025: API Warning: Response had no markdown, but looks like original code. Returning as is.
Mon Nov  3 13:02:19 2025: API Warning: Response had no markdown, but looks like original code. Returning as is.
Mon Nov  3 13:03:07 2025: API Warning: Response had no markdown, but looks like original code. Returning as is.
Mon Nov  3 13:04:16 2025: API Warning: Response had no markdown, but looks like original code. Returning as is.
Mon Nov  3 13:05:10 2025: API Warning: Response had no markdown, but looks like original code. Returning as is.
Mon Nov  3 13:06:03 2025: API Warning: Response had no markdown, but looks like original code. Returning as is.
Mon Nov  3 13:06:52 2025: API Error: Response was conversational and NOT in a markdown block. Text: <div>
    <h1>Панель адміністратора</h1>
    <div class="flex gap-2 pt-4">
        <h3>Хто я тепер?</h3>
        @if (session('impersonating'))
            <x-forms.button wire:click="back">Повернутис...
Mon Nov  3 13:06:52 2025: API call failed for /home/roman/coolify/resources/views/livewire/admin/index.blade.php
Mon Nov  3 13:07:05 2025: API Error: Response was conversational and NOT in a markdown block. Text: <div>
    <h1>Панель адміністратора</h1>
    <div class="flex gap-2 pt-4">
        <h3>Хто я зараз?</h3>
        @if (session('impersonating'))
            <x-forms.button wire:click="back">Повернутис...
Mon Nov  3 13:07:05 2025: API call failed for /home/roman/coolify/resources/views/livewire/admin/index.blade.php
Mon Nov  3 13:07:05 2025: Gave up on file /home/roman/coolify/resources/views/livewire/admin/index.blade.php. File reverted to original.
Mon Nov  3 13:07:26 2025: API Warning: Response had no markdown, but looks like original code. Returning as is.
Mon Nov  3 13:08:30 2025: API Warning: Response had no markdown, but looks like original code. Returning as is.
Mon Nov  3 13:09:29 2025: API Warning: Response had no markdown, but looks like original code. Returning as is.
Mon Nov  3 13:10:27 2025: API Warning: Response had no markdown, but looks like original code. Returning as is.
Mon Nov  3 13:11:23 2025: API Warning: Response had no markdown, but looks like original code. Returning as is.
Mon Nov  3 13:12:33 2025: API Warning: Response had no markdown, but looks like original code. Returning as is.
